<?xml version="1.0" encoding="UTF-8"?>
<testsuite xmlns:xsi="http://www.w3.org/2001/XMLSchema-instance" xsi:noNamespaceSchemaLocation="https://maven.apache.org/surefire/maven-surefire-plugin/xsd/surefire-test-report.xsd" version="3.0.2" name="evaluacion3.pelicula.service.PeliculaServiceTest" time="1.232" tests="16" errors="0" skipped="0" failures="0" flakes="0">
  <properties>
[...]
</properties>
  <testcase name="obtenerPorId_Existe" classname="Pruebas de consulta" time="0.495">
    <system-out><![CDATA[16:41:04.264 [main] INFO evaluacion3.pelicula.service.PeliculaService -- Buscando película con id 1
16:41:04.270 [main] INFO evaluacion3.pelicula.service.PeliculaService -- Película 'Inception' encontrada
]]></system-out>
  </testcase>
  <testcase name="obtenerPorGenero_FeignException" classname="Pruebas de consulta" time="0.185">
    <system-out><![CDATA[16:41:04.443 [main] INFO evaluacion3.pelicula.service.PeliculaService -- Buscando películas del género con id 1
16:41:04.454 [main] ERROR evaluacion3.pelicula.service.PeliculaService -- Error de comunicación con genero-microservicio: null
]]></system-out>
  </testcase>
  <testcase name="obtenerTodas" classname="Pruebas de consulta" time="0.034">
    <system-out><![CDATA[16:41:04.492 [main] INFO evaluacion3.pelicula.service.PeliculaService -- Consultando todas las películas
16:41:04.494 [main] INFO evaluacion3.pelicula.service.PeliculaService -- Se encontraron 1 películas
]]></system-out>
  </testcase>
  <testcase name="obtenerPorGenero_GeneroNoExiste" classname="Pruebas de consulta" time="0.025">
    <system-out><![CDATA[16:41:04.513 [main] INFO evaluacion3.pelicula.service.PeliculaService -- Buscando películas del género con id 1
]]></system-out>
  </testcase>
  <testcase name="obtenerPorId_NoExiste" classname="Pruebas de consulta" time="0.022">
    <system-out><![CDATA[16:41:04.546 [main] INFO evaluacion3.pelicula.service.PeliculaService -- Buscando película con id 99
]]></system-out>
  </testcase>
  <testcase name="obtenerDesdeAnio" classname="Pruebas de consulta" time="0.033">
    <system-out><![CDATA[16:41:04.577 [main] INFO evaluacion3.pelicula.service.PeliculaService -- Buscando películas desde el año 2000
16:41:04.580 [main] INFO evaluacion3.pelicula.service.PeliculaService -- Se encontraron 1 películas desde 2000
]]></system-out>
  </testcase>
  <testcase name="obtenerPorGenero_Existe" classname="Pruebas de consulta" time="0.017">
    <system-out><![CDATA[16:41:04.596 [main] INFO evaluacion3.pelicula.service.PeliculaService -- Buscando películas del género con id 1
16:41:04.597 [main] INFO evaluacion3.pelicula.service.PeliculaService -- Se encontraron 1 películas para el género id 1
]]></system-out>
  </testcase>
  <testcase name="eliminarPelicula_NoExiste" classname="Pruebas de eliminación" time="0.016">
    <system-out><![CDATA[16:41:04.659 [main] INFO evaluacion3.pelicula.service.PeliculaService -- Eliminando película con id 99
]]></system-out>
  </testcase>
  <testcase name="eliminarPelicula_Exito" classname="Pruebas de eliminación" time="0.083">
    <system-out><![CDATA[16:41:04.676 [main] INFO evaluacion3.pelicula.service.PeliculaService -- Eliminando película con id 1
16:41:04.676 [main] INFO evaluacion3.pelicula.service.PeliculaService -- Película con id 1 eliminada exitosamente
]]></system-out>
  </testcase>
  <testcase name="crearPelicula_Duplicado" classname="Pruebas de creación" time="0.025">
    <system-out><![CDATA[16:41:04.780 [main] INFO evaluacion3.pelicula.service.PeliculaService -- Intentando crear película 'Inception'
16:41:04.784 [main] WARN evaluacion3.pelicula.service.PeliculaService -- Ya existe una película con título 'Inception' y año 2010
]]></system-out>
  </testcase>
  <testcase name="crearPelicula_Exito" classname="Pruebas de creación" time="0.069">
    <system-out><![CDATA[16:41:04.802 [main] INFO evaluacion3.pelicula.service.PeliculaService -- Intentando crear película 'Inception'
16:41:04.813 [main] INFO evaluacion3.pelicula.service.PeliculaService -- Película 'Inception' creada con id 1
]]></system-out>
  </testcase>
  <testcase name="crearPelicula_FeignException" classname="Pruebas de creación" time="0.01">
    <system-out><![CDATA[16:41:04.864 [main] INFO evaluacion3.pelicula.service.PeliculaService -- Intentando crear película 'Inception'
16:41:04.864 [main] ERROR evaluacion3.pelicula.service.PeliculaService -- Error de comunicación con genero-microservicio: null
]]></system-out>
  </testcase>
  <testcase name="crearPelicula_AnioFuturo" classname="Pruebas de creación" time="0.022">
    <system-out><![CDATA[16:41:04.881 [main] INFO evaluacion3.pelicula.service.PeliculaService -- Intentando crear película 'Inception'
16:41:04.886 [main] WARN evaluacion3.pelicula.service.PeliculaService -- Año de estreno 2036 inválido para la película 'Inception'
]]></system-out>
  </testcase>
  <testcase name="crearPelicula_GeneroNoExiste" classname="Pruebas de creación" time="0.014">
    <system-out><![CDATA[16:41:04.905 [main] INFO evaluacion3.pelicula.service.PeliculaService -- Intentando crear película 'Inception'
]]></system-out>
  </testcase>
  <testcase name="actualizarPelicula_Exito" classname="Pruebas de actualización" time="0.056">
    <system-out><![CDATA[16:41:04.977 [main] INFO evaluacion3.pelicula.service.PeliculaService -- Actualizando película con id 1
16:41:04.977 [main] INFO evaluacion3.pelicula.service.PeliculaService -- Película con id 1 actualizada correctamente
]]></system-out>
  </testcase>
  <testcase name="actualizarPelicula_NoExiste" classname="Pruebas de actualización" time="0.012">
    <system-out><![CDATA[16:41:04.989 [main] INFO evaluacion3.pelicula.service.PeliculaService -- Actualizando película con id 99
]]></system-out>
  </testcase>
</testsuite>